"../../../../../../Users/obiwa/Documents/GitHub/CoinGameJam/Content/CoinGameJam/Mannequin/Character/Mesh/UE4_Mannequin_Skeleton.uasset" 0
"../../../../../../Users/obiwa/Documents/GitHub/CoinGameJam/Content/CoinGameJam/Mannequin/Animations/ThirdPersonJump_End.uasset" 1
"../../../../../../Users/obiwa/Documents/GitHub/CoinGameJam/Content/CoinGameJam/PersonagemPrincipal/Meshes/UE4_Mannequin_Skeleton.uasset" 2
"../../../../../../Users/obiwa/Documents/GitHub/CoinGameJam/Content/CoinGameJam/PersonagemPrincipal/Animations/BowStance/Idle_BowAnim.uasset" 3
"../../../../../../Users/obiwa/Documents/GitHub/CoinGameJam/Content/CoinGameJam/PersonagemPrincipal/Animations/BowStance/Walk_BowAnim.uasset" 4
"../../../../../../Users/obiwa/Documents/GitHub/CoinGameJam/Content/CoinGameJam/PersonagemPrincipal/Animations/BS_Archer.uasset" 5
"../../../../../../Users/obiwa/Documents/GitHub/CoinGameJam/Content/CoinGameJam/PersonagemPrincipal/Animations/BowStance/Attack01Maintain_BowAnim.uasset" 6
"../../../../../../Users/obiwa/Documents/GitHub/CoinGameJam/Content/CoinGameJam/PersonagemPrincipal/Animations/BowStance/Attack01RepeatFire_BowAnim.uasset" 7
"../../../../../../Users/obiwa/Documents/GitHub/CoinGameJam/Content/CoinGameJam/PersonagemPrincipal/Animations/BowStance/Attack01Start_BowAnim.uasset" 8
"../../../../../../Users/obiwa/Documents/GitHub/CoinGameJam/Content/CoinGameJam/PersonagemPrincipal/Animations/BowStance/Attack01_BowAnim.uasset" 9
"../../../../../../Users/obiwa/Documents/GitHub/CoinGameJam/Content/CoinGameJam/PersonagemPrincipal/Animations/BowStance/Attack02Maintain_BowAnim.uasset" 10
"../../../../../../Users/obiwa/Documents/GitHub/CoinGameJam/Content/CoinGameJam/PersonagemPrincipal/Animations/BowStance/Attack02RepeatFire_BowAnim.uasset" 11
"../../../../../../Users/obiwa/Documents/GitHub/CoinGameJam/Content/CoinGameJam/PersonagemPrincipal/Animations/BowStance/Attack02Start_BowAnim.uasset" 12
"../../../../../../Users/obiwa/Documents/GitHub/CoinGameJam/Content/CoinGameJam/PersonagemPrincipal/Animations/BowStance/Attack02_BowAnim.uasset" 13
"../../../../../../Users/obiwa/Documents/GitHub/CoinGameJam/Content/CoinGameJam/PersonagemPrincipal/Animations/BowStance/DashBackward_BowAnim.uasset" 14
"../../../../../../Users/obiwa/Documents/GitHub/CoinGameJam/Content/CoinGameJam/PersonagemPrincipal/Animations/BowStance/DashForward_BowAnim.uasset" 15
"../../../../../../Users/obiwa/Documents/GitHub/CoinGameJam/Content/CoinGameJam/PersonagemPrincipal/Animations/BowStance/DashLeft_BowAnim.uasset" 16
"../../../../../../Users/obiwa/Documents/GitHub/CoinGameJam/Content/CoinGameJam/PersonagemPrincipal/Animations/BowStance/DashRight_BowAnim.uasset" 17
"../../../../../../Users/obiwa/Documents/GitHub/CoinGameJam/Content/CoinGameJam/PersonagemPrincipal/Animations/BowStance/DieRecover_BowAnim.uasset" 18
"../../../../../../Users/obiwa/Documents/GitHub/CoinGameJam/Content/CoinGameJam/PersonagemPrincipal/Animations/BowStance/Die_BowAnim.uasset" 19
"../../../../../../Users/obiwa/Documents/GitHub/CoinGameJam/Content/CoinGameJam/PersonagemPrincipal/Animations/BowStance/Dizzy_BowAnim.uasset" 20
"../../../../../../Users/obiwa/Documents/GitHub/CoinGameJam/Content/CoinGameJam/PersonagemPrincipal/Animations/BowStance/EquipmentChange_BowAnim.uasset" 21
"../../../../../../Users/obiwa/Documents/GitHub/CoinGameJam/Content/CoinGameJam/PersonagemPrincipal/Animations/BowStance/GetHit_BowAnim.uasset" 22
"../../../../../../Users/obiwa/Documents/GitHub/CoinGameJam/Content/CoinGameJam/PersonagemPrincipal/Animations/BowStance/JumpAttack_BowAnim.uasset" 23
"../../../../../../Users/obiwa/Documents/GitHub/CoinGameJam/Content/CoinGameJam/PersonagemPrincipal/Animations/BowStance/RollBack_Bow.uasset" 24
"../../../../../../Users/obiwa/Documents/GitHub/CoinGameJam/Content/CoinGameJam/PersonagemPrincipal/Animations/BowStance/RollLeft_Bow.uasset" 25
"../../../../../../Users/obiwa/Documents/GitHub/CoinGameJam/Content/CoinGameJam/PersonagemPrincipal/Animations/BowStance/RollRight_Bow.uasset" 26
"../../../../../../Users/obiwa/Documents/GitHub/CoinGameJam/Content/CoinGameJam/PersonagemPrincipal/Animations/BowStance/Roll_BowAnim.uasset" 27
"../../../../../../Users/obiwa/Documents/GitHub/CoinGameJam/Content/CoinGameJam/PersonagemPrincipal/Animations/BowStance/Roll_Bow_RMAnim.uasset" 28
"../../../../../../Users/obiwa/Documents/GitHub/CoinGameJam/Content/CoinGameJam/PersonagemPrincipal/Animations/BowStance/RunBack_BowAnim.uasset" 29
"../../../../../../Users/obiwa/Documents/GitHub/CoinGameJam/Content/CoinGameJam/PersonagemPrincipal/Animations/BowStance/Run_BowAnim.uasset" 30
"../../../../../../Users/obiwa/Documents/GitHub/CoinGameJam/Content/CoinGameJam/PersonagemPrincipal/Animations/BowStance/Slide_BowAnim.uasset" 31
"../../../../../../Users/obiwa/Documents/GitHub/CoinGameJam/Content/CoinGameJam/PersonagemPrincipal/Animations/BowStance/Sprint_BowAnim.uasset" 32
"../../../../../../Users/obiwa/Documents/GitHub/CoinGameJam/Content/CoinGameJam/PersonagemPrincipal/Animations/BowStance/VictoryMaintain_BowAnim.uasset" 33
"../../../../../../Users/obiwa/Documents/GitHub/CoinGameJam/Content/CoinGameJam/PersonagemPrincipal/Animations/BowStance/Victory_BowAnim.uasset" 34
"../../../../../../Users/obiwa/Documents/GitHub/CoinGameJam/Content/CoinGameJam/PersonagemPrincipal/Animations/BowStance/WalkBack_BowAnim.uasset" 35
"../../../../../../Users/obiwa/Documents/GitHub/CoinGameJam/Content/CoinGameJam/PersonagemPrincipal/Animations/BowStance/WalkLeft_BowAnim.uasset" 36
"../../../../../../Users/obiwa/Documents/GitHub/CoinGameJam/Content/CoinGameJam/PersonagemPrincipal/Animations/BowStance/WalkRight_BowAnim.uasset" 37
"../../../../../../Users/obiwa/Documents/GitHub/CoinGameJam/Content/CoinGameJam/PersonagemPrincipal/Textures/PolyArtTex.uasset" 38
"../../../../../../Users/obiwa/Documents/GitHub/CoinGameJam/Content/CoinGameJam/PersonagemPrincipal/Materials/PolyartMat.uasset" 39
"../../../../../../Users/obiwa/Documents/GitHub/CoinGameJam/Content/CoinGameJam/PersonagemPrincipal/Meshes/Weapons/Bow02SM.uasset" 40
"../../../../../../Users/obiwa/Documents/GitHub/CoinGameJam/Content/CoinGameJam/PersonagemPrincipal/Blueprints/Bow_BP.uasset" 41
"../../../../../../Users/obiwa/Documents/GitHub/CoinGameJam/Content/CoinGameJam/PersonagemPrincipal/Meshes/RPGHeroes_PhysicsAsset.uasset" 42
"../../../../../../Users/obiwa/Documents/GitHub/CoinGameJam/Content/CoinGameJam/PersonagemPrincipal/Meshes/OneMeshCharacters/EliteSK.uasset" 43
"../../../../../../Users/obiwa/Documents/GitHub/CoinGameJam/Content/CoinGameJam/PersonagemPrincipal/Meshes/Weapons/Arrow02SM.uasset" 44
"../../../../../../Users/obiwa/Documents/GitHub/CoinGameJam/Content/CoinGameJam/PersonagemPrincipal/Meshes/Weapons/Bow01SM.uasset" 45
"../../../../../../Users/obiwa/Documents/GitHub/CoinGameJam/Content/CoinGameJam/Platformer/Textures/Pl_plastic_n.uasset" 46
"../../../../../../Users/obiwa/Documents/GitHub/CoinGameJam/Content/CoinGameJam/Platformer/Textures/Pl_plastic_r.uasset" 47
"../../../../../../Users/obiwa/Documents/GitHub/CoinGameJam/Content/CoinGameJam/Platformer/Materials/M_Metal_Black_Parent.uasset" 48
"../../../../../../Users/obiwa/Documents/GitHub/CoinGameJam/Content/CoinGameJam/Platformer/Materials/M_Metal_Gold_Instance.uasset" 49
"../../../../../../Users/obiwa/Documents/GitHub/CoinGameJam/Content/CoinGameJam/Platformer/Meshes/Pl_Coin_01.uasset" 50
"../../../../../../Users/obiwa/Documents/GitHub/CoinGameJam/Content/CoinGameJam/Platformer/Blueprints/Pl_Coin_01.uasset" 51
"../../../../../../Users/obiwa/Documents/GitHub/CoinGameJam/Content/CoinGameJam/Platformer/Materials/M_Metal_Red_Instance.uasset" 52
"../../../../../../Users/obiwa/Documents/GitHub/CoinGameJam/Content/CoinGameJam/Platformer/Meshes/Pl_Coin_02.uasset" 53
"../../../../../../Users/obiwa/Documents/GitHub/CoinGameJam/Content/CoinGameJam/Platformer/Blueprints/Pl_Coin_02.uasset" 54
"../../../../../../Users/obiwa/Documents/GitHub/CoinGameJam/Content/CoinGameJam/Platformer/Meshes/Pl_PowerUp_01.uasset" 55
"../../../../../../Users/obiwa/Documents/GitHub/CoinGameJam/Content/CoinGameJam/Platformer/Blueprints/Pl_PowerUp_01.uasset" 56
"../../../../../../Users/obiwa/Documents/GitHub/CoinGameJam/Content/CoinGameJam/Platformer/Materials/M_Plastic_black_Parent.uasset" 57
"../../../../../../Users/obiwa/Documents/GitHub/CoinGameJam/Content/CoinGameJam/Platformer/Materials/M_Plastic_Red_Inst.uasset" 58
"../../../../../../Users/obiwa/Documents/GitHub/CoinGameJam/Content/CoinGameJam/Platformer/Materials/M_Plastic_White_Inst.uasset" 59
"../../../../../../Users/obiwa/Documents/GitHub/CoinGameJam/Content/CoinGameJam/Platformer/Materials/M_Plastic_Yellow_Inst.uasset" 60
"../../../../../../Users/obiwa/Documents/GitHub/CoinGameJam/Content/CoinGameJam/Platformer/Meshes/Pl_PowerUp_02.uasset" 61
"../../../../../../Users/obiwa/Documents/GitHub/CoinGameJam/Content/CoinGameJam/Platformer/Blueprints/Pl_PowerUp_02.uasset" 62
"../../../../../../Users/obiwa/Documents/GitHub/CoinGameJam/Content/CoinGameJam/Platformer/Meshes/Pl_PowerUp_03.uasset" 63
"../../../../../../Users/obiwa/Documents/GitHub/CoinGameJam/Content/CoinGameJam/Platformer/Blueprints/Pl_PowerUp_03.uasset" 64
"../../../../../../Users/obiwa/Documents/GitHub/CoinGameJam/Content/CoinGameJam/Platformer/Meshes/Pl_PowerUp_04.uasset" 65
"../../../../../../Users/obiwa/Documents/GitHub/CoinGameJam/Content/CoinGameJam/Platformer/Blueprints/Pl_PowerUp_04.uasset" 66
"../../../../../../Users/obiwa/Documents/GitHub/CoinGameJam/Content/CoinGameJam/Platformer/Meshes/Pl_PowerUp_05.uasset" 67
"../../../../../../Users/obiwa/Documents/GitHub/CoinGameJam/Content/CoinGameJam/Platformer/Blueprints/Pl_PowerUp_05.uasset" 68
"../../../../../../Users/obiwa/Documents/GitHub/CoinGameJam/Content/CoinGameJam/Platformer/Meshes/Pl_PowerUp_06.uasset" 69
"../../../../../../Users/obiwa/Documents/GitHub/CoinGameJam/Content/CoinGameJam/Platformer/Blueprints/Pl_PowerUp_06.uasset" 70
"../../../Engine/Content/Functions/Engine_MaterialFunctions01/Gradient/LinearGradient.uasset" 71
"../../../Engine/Content/Functions/Engine_MaterialFunctions01/ImageAdjustment/CheapContrast.uasset" 72
"../../../../../../Users/obiwa/Documents/GitHub/CoinGameJam/Content/CoinGameJam/Platformer/Textures/Pl_Crate_d.uasset" 73
"../../../../../../Users/obiwa/Documents/GitHub/CoinGameJam/Content/CoinGameJam/Platformer/Textures/Pl_Crate_n.uasset" 74
"../../../../../../Users/obiwa/Documents/GitHub/CoinGameJam/Content/CoinGameJam/Platformer/Textures/Pl_Crate_r.uasset" 75
"../../../../../../Users/obiwa/Documents/GitHub/CoinGameJam/Content/CoinGameJam/Platformer/Materials/M_Crate_Light_Parent.uasset" 76
"../../../../../../Users/obiwa/Documents/GitHub/CoinGameJam/Content/CoinGameJam/Platformer/Materials/M_Crate_Dark_Inst.uasset" 77
"../../../../../../Users/obiwa/Documents/GitHub/CoinGameJam/Content/CoinGameJam/Platformer/Materials/M_Plastic_Green_Inst.uasset" 78
"../../../../../../Users/obiwa/Documents/GitHub/CoinGameJam/Content/CoinGameJam/Platformer/Textures/Pl_Patterns_m.uasset" 79
"../../../../../../Users/obiwa/Documents/GitHub/CoinGameJam/Content/CoinGameJam/Platformer/Materials/M_Plastic_Blue_Pattern_Parent.uasset" 80
"../../../../../../Users/obiwa/Documents/GitHub/CoinGameJam/Content/CoinGameJam/Platformer/Materials/M_Plastic_Green_Pattern_Inst.uasset" 81
"../../../../../../Users/obiwa/Documents/GitHub/CoinGameJam/Content/CoinGameJam/Platformer/Textures/Pl_Grass_trim_d.uasset" 82
"../../../../../../Users/obiwa/Documents/GitHub/CoinGameJam/Content/CoinGameJam/Platformer/Textures/Pl_Grass_trim_n.uasset" 83
"../../../../../../Users/obiwa/Documents/GitHub/CoinGameJam/Content/CoinGameJam/Platformer/Textures/Pl_Grass_trim_r.uasset" 84
"../../../../../../Users/obiwa/Documents/GitHub/CoinGameJam/Content/CoinGameJam/Platformer/Materials/M_GrassTrim.uasset" 85
"../../../../../../Users/obiwa/Documents/GitHub/CoinGameJam/Content/CoinGameJam/Platformer/Meshes/Pl_16m_gtrim_01.uasset" 86
"../../../../../../Users/obiwa/Documents/GitHub/CoinGameJam/Content/CoinGameJam/Platformer/Textures/Pl_Cliff_d.uasset" 87
"../../../../../../Users/obiwa/Documents/GitHub/CoinGameJam/Content/CoinGameJam/Platformer/Textures/Pl_Cliff_n.uasset" 88
"../../../../../../Users/obiwa/Documents/GitHub/CoinGameJam/Content/CoinGameJam/Platformer/Textures/Pl_Cliff_r.uasset" 89
"../../../../../../Users/obiwa/Documents/GitHub/CoinGameJam/Content/CoinGameJam/Platformer/Materials/M_Cliff.uasset" 90
"../../../../../../Users/obiwa/Documents/GitHub/CoinGameJam/Content/CoinGameJam/Platformer/Textures/Pl_Grass_d.uasset" 91
"../../../../../../Users/obiwa/Documents/GitHub/CoinGameJam/Content/CoinGameJam/Platformer/Textures/Pl_Grass_n.uasset" 92
"../../../../../../Users/obiwa/Documents/GitHub/CoinGameJam/Content/CoinGameJam/Platformer/Textures/Pl_Grass_r.uasset" 93
"../../../../../../Users/obiwa/Documents/GitHub/CoinGameJam/Content/CoinGameJam/Platformer/Materials/M_Grass.uasset" 94
"../../../../../../Users/obiwa/Documents/GitHub/CoinGameJam/Content/CoinGameJam/Platformer/Meshes/Pl_16m_Platform.uasset" 95
"../../../../../../Users/obiwa/Documents/GitHub/CoinGameJam/Content/CoinGameJam/Platformer/Meshes/Pl_16m_Platform_ext.uasset" 96
"../../../../../../Users/obiwa/Documents/GitHub/CoinGameJam/Content/CoinGameJam/Platformer/Materials/M_Grass_nopattern.uasset" 97
"../../../../../../Users/obiwa/Documents/GitHub/CoinGameJam/Content/CoinGameJam/Platformer/Meshes/Pl_1m_grassblock.uasset" 98
"../../../../../../Users/obiwa/Documents/GitHub/CoinGameJam/Content/CoinGameJam/Platformer/Meshes/Pl_2m_grassblock.uasset" 99
"../../../../../../Users/obiwa/Documents/GitHub/CoinGameJam/Content/CoinGameJam/Platformer/Meshes/Pl_4m_gtrim_01.uasset" 100
"../../../../../../Users/obiwa/Documents/GitHub/CoinGameJam/Content/CoinGameJam/Platformer/Meshes/Pl_4m_Platform.uasset" 101
"../../../../../../Users/obiwa/Documents/GitHub/CoinGameJam/Content/CoinGameJam/Platformer/Meshes/Pl_4m_Platform_ext.uasset" 102
"../../../../../../Users/obiwa/Documents/GitHub/CoinGameJam/Content/CoinGameJam/Platformer/Meshes/Pl_8m_gtrim_01.uasset" 103
"../../../../../../Users/obiwa/Documents/GitHub/CoinGameJam/Content/CoinGameJam/Platformer/Meshes/Pl_8m_Gtrim_Hrnd_01.uasset" 104
"../../../../../../Users/obiwa/Documents/GitHub/CoinGameJam/Content/CoinGameJam/Platformer/Meshes/Pl_8m_gtrim_rnd_01.uasset" 105
"../../../../../../Users/obiwa/Documents/GitHub/CoinGameJam/Content/CoinGameJam/Platformer/Meshes/Pl_8m_Hill.uasset" 106
"../../../../../../Users/obiwa/Documents/GitHub/CoinGameJam/Content/CoinGameJam/Platformer/Meshes/Pl_8m_Platform.uasset" 107
"../../../../../../Users/obiwa/Documents/GitHub/CoinGameJam/Content/CoinGameJam/Platformer/Meshes/Pl_8m_Platform_crn.uasset" 108
"../../../../../../Users/obiwa/Documents/GitHub/CoinGameJam/Content/CoinGameJam/Platformer/Meshes/Pl_8m_Platform_crn_ext.uasset" 109
"../../../../../../Users/obiwa/Documents/GitHub/CoinGameJam/Content/CoinGameJam/Platformer/Meshes/Pl_8m_Platform_ext.uasset" 110
"../../../../../../Users/obiwa/Documents/GitHub/CoinGameJam/Content/CoinGameJam/Platformer/Meshes/Pl_8m_Platform_Hrnd.uasset" 111
"../../../../../../Users/obiwa/Documents/GitHub/CoinGameJam/Content/CoinGameJam/Platformer/Meshes/Pl_8m_Platform_Hrnd_ext.uasset" 112
"../../../../../../Users/obiwa/Documents/GitHub/CoinGameJam/Content/CoinGameJam/Platformer/Meshes/Pl_8m_Platform_L.uasset" 113
"../../../../../../Users/obiwa/Documents/GitHub/CoinGameJam/Content/CoinGameJam/Platformer/Meshes/Pl_8m_Platform_L_ext.uasset" 114
"../../../../../../Users/obiwa/Documents/GitHub/CoinGameJam/Content/CoinGameJam/Platformer/Meshes/Pl_8m_Platform_rnd.uasset" 115
"../../../../../../Users/obiwa/Documents/GitHub/CoinGameJam/Content/CoinGameJam/Platformer/Meshes/Pl_8m_Platform_rnd_ext.uasset" 116
"../../../../../../Users/obiwa/Documents/GitHub/CoinGameJam/Content/CoinGameJam/Platformer/Meshes/Pl_button.uasset" 117
"../../../../../../Users/obiwa/Documents/GitHub/CoinGameJam/Content/CoinGameJam/Platformer/Meshes/Pl_buttonBase.uasset" 118
"../../../Engine/Content/Functions/Engine_MaterialFunctions01/WorldPositionOffset/SimpleGrassWind.uasset" 119
"../../../../../../Users/obiwa/Documents/GitHub/CoinGameJam/Content/CoinGameJam/Platformer/Materials/M_Cloud.uasset" 120
"../../../../../../Users/obiwa/Documents/GitHub/CoinGameJam/Content/CoinGameJam/Platformer/Meshes/Pl_CloudPlat_4m.uasset" 121
"../../../../../../Users/obiwa/Documents/GitHub/CoinGameJam/Content/CoinGameJam/Platformer/Meshes/Pl_CloudPlat_4x8m.uasset" 122
"../../../../../../Users/obiwa/Documents/GitHub/CoinGameJam/Content/CoinGameJam/Platformer/Meshes/Pl_CloudPlat_8m.uasset" 123
"../../../../../../Users/obiwa/Documents/GitHub/CoinGameJam/Content/CoinGameJam/Platformer/Meshes/Pl_Crate_01.uasset" 124
"../../../../../../Users/obiwa/Documents/GitHub/CoinGameJam/Content/CoinGameJam/Platformer/Meshes/Pl_Crate_02.uasset" 125
"../../../../../../Users/obiwa/Documents/GitHub/CoinGameJam/Content/CoinGameJam/Platformer/Meshes/Pl_Crate_Shards_01.uasset" 126
"../../../../../../Users/obiwa/Documents/GitHub/CoinGameJam/Content/CoinGameJam/Platformer/Meshes/Pl_Crate_Shards_02.uasset" 127
"../../../../../../Users/obiwa/Documents/GitHub/CoinGameJam/Content/CoinGameJam/Platformer/Meshes/Pl_Crate_Shards_03.uasset" 128
"../../../../../../Users/obiwa/Documents/GitHub/CoinGameJam/Content/CoinGameJam/Platformer/Textures/pl_wood_d.uasset" 129
"../../../../../../Users/obiwa/Documents/GitHub/CoinGameJam/Content/CoinGameJam/Platformer/Textures/pl_wood_n.uasset" 130
"../../../../../../Users/obiwa/Documents/GitHub/CoinGameJam/Content/CoinGameJam/Platformer/Textures/pl_wood_r.uasset" 131
"../../../../../../Users/obiwa/Documents/GitHub/CoinGameJam/Content/CoinGameJam/Platformer/Materials/M_Wood_Dark_Parent.uasset" 132
"../../../../../../Users/obiwa/Documents/GitHub/CoinGameJam/Content/CoinGameJam/Platformer/Materials/M_Wood_Light_Instance.uasset" 133
"../../../../../../Users/obiwa/Documents/GitHub/CoinGameJam/Content/CoinGameJam/Platformer/Materials/M_Wood_White_Instance.uasset" 134
"../../../../../../Users/obiwa/Documents/GitHub/CoinGameJam/Content/CoinGameJam/Platformer/Meshes/Pl_FencePost.uasset" 135
"../../../../../../Users/obiwa/Documents/GitHub/CoinGameJam/Content/CoinGameJam/Platformer/Meshes/Pl_Fence_2m_01.uasset" 136
"../../../../../../Users/obiwa/Documents/GitHub/CoinGameJam/Content/CoinGameJam/Platformer/Meshes/Pl_Fence_2m_02.uasset" 137
"../../../../../../Users/obiwa/Documents/GitHub/CoinGameJam/Content/CoinGameJam/Platformer/Meshes/Pl_Fence_8m_01.uasset" 138
"../../../../../../Users/obiwa/Documents/GitHub/CoinGameJam/Content/CoinGameJam/Platformer/Meshes/Pl_Fence_8m_02.uasset" 139
"../../../../../../Users/obiwa/Documents/GitHub/CoinGameJam/Content/CoinGameJam/Platformer/Textures/Pl_Plants_d.uasset" 140
"../../../../../../Users/obiwa/Documents/GitHub/CoinGameJam/Content/CoinGameJam/Platformer/Textures/Pl_Plants_n.uasset" 141
"../../../../../../Users/obiwa/Documents/GitHub/CoinGameJam/Content/CoinGameJam/Platformer/Textures/Pl_Plants_r.uasset" 142
"../../../../../../Users/obiwa/Documents/GitHub/CoinGameJam/Content/CoinGameJam/Platformer/Materials/M_Plants.uasset" 143
"../../../../../../Users/obiwa/Documents/GitHub/CoinGameJam/Content/CoinGameJam/Platformer/Meshes/Pl_Fern_01.uasset" 144
"../../../../../../Users/obiwa/Documents/GitHub/CoinGameJam/Content/CoinGameJam/Platformer/Meshes/Pl_fern_02.uasset" 145
"../../../../../../Users/obiwa/Documents/GitHub/CoinGameJam/Content/CoinGameJam/Platformer/Meshes/Pl_flower_01.uasset" 146
"../../../../../../Users/obiwa/Documents/GitHub/CoinGameJam/Content/CoinGameJam/Platformer/Meshes/Pl_flower_02.uasset" 147
"../../../../../../Users/obiwa/Documents/GitHub/CoinGameJam/Content/CoinGameJam/Platformer/Meshes/Pl_flower_03.uasset" 148
"../../../../../../Users/obiwa/Documents/GitHub/CoinGameJam/Content/CoinGameJam/Platformer/Meshes/Pl_flower_04.uasset" 149
"../../../../../../Users/obiwa/Documents/GitHub/CoinGameJam/Content/CoinGameJam/Platformer/Meshes/Pl_flower_05.uasset" 150
"../../../../../../Users/obiwa/Documents/GitHub/CoinGameJam/Content/CoinGameJam/Platformer/Meshes/Pl_flower_06.uasset" 151
"../../../../../../Users/obiwa/Documents/GitHub/CoinGameJam/Content/CoinGameJam/Platformer/Meshes/Pl_GrassWall_4m.uasset" 152
"../../../../../../Users/obiwa/Documents/GitHub/CoinGameJam/Content/CoinGameJam/Platformer/Meshes/Pl_GrassWall_8m.uasset" 153
"../../../../../../Users/obiwa/Documents/GitHub/CoinGameJam/Content/CoinGameJam/Platformer/Meshes/Pl_gtrim_01.uasset" 154
"../../../../../../Users/obiwa/Documents/GitHub/CoinGameJam/Content/CoinGameJam/Platformer/Meshes/Pl_gtrim_02.uasset" 155
"../../../../../../Users/obiwa/Documents/GitHub/CoinGameJam/Content/CoinGameJam/Platformer/Meshes/Pl_gtrim_03.uasset" 156
"../../../../../../Users/obiwa/Documents/GitHub/CoinGameJam/Content/CoinGameJam/Platformer/Meshes/Pl_gtrim_04.uasset" 157
"../../../../../../Users/obiwa/Documents/GitHub/CoinGameJam/Content/CoinGameJam/Platformer/Materials/M_Plastic_blue_Inst.uasset" 158
"../../../../../../Users/obiwa/Documents/GitHub/CoinGameJam/Content/CoinGameJam/Platformer/Meshes/Pl_MetalBox_2m.uasset" 159
"../../../../../../Users/obiwa/Documents/GitHub/CoinGameJam/Content/CoinGameJam/Platformer/Materials/M_Plastic_Orange_Inst.uasset" 160
"../../../../../../Users/obiwa/Documents/GitHub/CoinGameJam/Content/CoinGameJam/Platformer/Meshes/Pl_MetalBox_2m_short.uasset" 161
"../../../../../../Users/obiwa/Documents/GitHub/CoinGameJam/Content/CoinGameJam/Platformer/Materials/M_Plastic_Yellow_Pattern_Inst.uasset" 162
"../../../../../../Users/obiwa/Documents/GitHub/CoinGameJam/Content/CoinGameJam/Platformer/Meshes/Pl_MetalBox_4x2m.uasset" 163
"../../../../../../Users/obiwa/Documents/GitHub/CoinGameJam/Content/CoinGameJam/Platformer/Meshes/Pl_MetalBox_4x2m_short.uasset" 164
"../../../../../../Users/obiwa/Documents/GitHub/CoinGameJam/Content/CoinGameJam/Platformer/Materials/M_Plastic_Orange_Pattern_Inst.uasset" 165
"../../../../../../Users/obiwa/Documents/GitHub/CoinGameJam/Content/CoinGameJam/Platformer/Meshes/Pl_MetalBox_4x4m.uasset" 166
"../../../../../../Users/obiwa/Documents/GitHub/CoinGameJam/Content/CoinGameJam/Platformer/Meshes/Pl_MetalBox_8x4m.uasset" 167
"../../../../../../Users/obiwa/Documents/GitHub/CoinGameJam/Content/CoinGameJam/Platformer/Meshes/Pl_plant_01.uasset" 168
"../../../../../../Users/obiwa/Documents/GitHub/CoinGameJam/Content/CoinGameJam/Platformer/Meshes/Pl_plant_02.uasset" 169
"../../../../../../Users/obiwa/Documents/GitHub/CoinGameJam/Content/CoinGameJam/Platformer/Meshes/Pl_plant_03.uasset" 170
"../../../../../../Users/obiwa/Documents/GitHub/CoinGameJam/Content/CoinGameJam/Platformer/Meshes/Pl_Ramp_4m.uasset" 171
"../../../../../../Users/obiwa/Documents/GitHub/CoinGameJam/Content/CoinGameJam/Platformer/Materials/M_Wood_Yellow_Instance.uasset" 172
"../../../../../../Users/obiwa/Documents/GitHub/CoinGameJam/Content/CoinGameJam/Platformer/Meshes/Pl_ScaffoldBlock_01.uasset" 173
"../../../../../../Users/obiwa/Documents/GitHub/CoinGameJam/Content/CoinGameJam/Platformer/Meshes/Pl_Scaffoldpost_01.uasset" 174
"../../../../../../Users/obiwa/Documents/GitHub/CoinGameJam/Content/CoinGameJam/Platformer/Meshes/Pl_ScaffoldWall_01.uasset" 175
"../../../../../../Users/obiwa/Documents/GitHub/CoinGameJam/Content/CoinGameJam/Platformer/Materials/M_Metal_Grey_Instance.uasset" 176
"../../../../../../Users/obiwa/Documents/GitHub/CoinGameJam/Content/CoinGameJam/Platformer/Meshes/Pl_Screw_01.uasset" 177
"../../../../../../Users/obiwa/Documents/GitHub/CoinGameJam/Content/CoinGameJam/Platformer/Materials/M_Plastic_Grey_Inst.uasset" 178
"../../../../../../Users/obiwa/Documents/GitHub/CoinGameJam/Content/CoinGameJam/Platformer/Meshes/Pl_secretDoor_01.uasset" 179
"../../../../../../Users/obiwa/Documents/GitHub/CoinGameJam/Content/CoinGameJam/Platformer/Meshes/Pl_Signpost_01.uasset" 180
"../../../../../../Users/obiwa/Documents/GitHub/CoinGameJam/Content/CoinGameJam/Platformer/Meshes/Pl_Sign_01.uasset" 181
"../../../../../../Users/obiwa/Documents/GitHub/CoinGameJam/Content/CoinGameJam/Platformer/Textures/pl_tree_d.uasset" 182
"../../../../../../Users/obiwa/Documents/GitHub/CoinGameJam/Content/CoinGameJam/Platformer/Textures/pl_tree_n.uasset" 183
"../../../../../../Users/obiwa/Documents/GitHub/CoinGameJam/Content/CoinGameJam/Platformer/Textures/pl_tree_r.uasset" 184
"../../../../../../Users/obiwa/Documents/GitHub/CoinGameJam/Content/CoinGameJam/Platformer/Materials/M_Tree.uasset" 185
"../../../../../../Users/obiwa/Documents/GitHub/CoinGameJam/Content/CoinGameJam/Platformer/Meshes/Pl_Tree_01.uasset" 186
"../../../../../../Users/obiwa/Documents/GitHub/CoinGameJam/Content/CoinGameJam/Platformer/Meshes/Pl_Tree_02.uasset" 187
"../../../../../../Users/obiwa/Documents/GitHub/CoinGameJam/Content/CoinGameJam/Platformer/Meshes/Pl_Tree_03.uasset" 188
"../../../../../../Users/obiwa/Documents/GitHub/CoinGameJam/Content/CoinGameJam/Platformer/Meshes/Pl_Tree_04.uasset" 189
"../../../../../../Users/obiwa/Documents/GitHub/CoinGameJam/Content/CoinGameJam/Platformer/Meshes/Pl_Woodcatwalk_4m_01.uasset" 190
"../../../../../../Users/obiwa/Documents/GitHub/CoinGameJam/Content/CoinGameJam/Platformer/Meshes/Pl_Woodcatwalk_4m_02.uasset" 191
"../../../../../../Users/obiwa/Documents/GitHub/CoinGameJam/Content/CoinGameJam/Platformer/Meshes/Pl_woodPlat_1m.uasset" 192
"../../../../../../Users/obiwa/Documents/GitHub/CoinGameJam/Content/CoinGameJam/Platformer/Meshes/Pl_woodPlat_2m.uasset" 193
"../../../../../../Users/obiwa/Documents/GitHub/CoinGameJam/Content/CoinGameJam/Platformer/Textures/BeanStalks_Textures/Pl_Leaf_01_d.uasset" 194
"../../../../../../Users/obiwa/Documents/GitHub/CoinGameJam/Content/CoinGameJam/Platformer/Textures/BeanStalks_Textures/Pl_Leaf_01_n.uasset" 195
"../../../../../../Users/obiwa/Documents/GitHub/CoinGameJam/Content/CoinGameJam/Platformer/Textures/BeanStalks_Textures/Pl_Leaf_01_r.uasset" 196
"../../../../../../Users/obiwa/Documents/GitHub/CoinGameJam/Content/CoinGameJam/Platformer/Materials/BeanStalks_Materials/M_Leaf.uasset" 197
"../../../../../../Users/obiwa/Documents/GitHub/CoinGameJam/Content/CoinGameJam/Platformer/Meshes/Beanstalks/Pl_Leaf_01.uasset" 198
"../../../../../../Users/obiwa/Documents/GitHub/CoinGameJam/Content/CoinGameJam/Platformer/Meshes/Beanstalks/Pl_Leaf_02.uasset" 199
"../../../../../../Users/obiwa/Documents/GitHub/CoinGameJam/Content/CoinGameJam/Platformer/Meshes/Beanstalks/Pl_Leaf_03.uasset" 200
"../../../../../../Users/obiwa/Documents/GitHub/CoinGameJam/Content/CoinGameJam/Platformer/Meshes/Beanstalks/Pl_Leaf_04.uasset" 201
"../../../../../../Users/obiwa/Documents/GitHub/CoinGameJam/Content/CoinGameJam/Platformer/Meshes/Beanstalks/Pl_Leaf_05.uasset" 202
"../../../../../../Users/obiwa/Documents/GitHub/CoinGameJam/Content/CoinGameJam/Platformer/Textures/BeanStalks_Textures/Pl_BeanStalk_d.uasset" 203
"../../../../../../Users/obiwa/Documents/GitHub/CoinGameJam/Content/CoinGameJam/Platformer/Textures/BeanStalks_Textures/Pl_BeanStalk_n.uasset" 204
"../../../../../../Users/obiwa/Documents/GitHub/CoinGameJam/Content/CoinGameJam/Platformer/Textures/BeanStalks_Textures/Pl_BeanStalk_r.uasset" 205
"../../../../../../Users/obiwa/Documents/GitHub/CoinGameJam/Content/CoinGameJam/Platformer/Materials/BeanStalks_Materials/M_BeanStalk.uasset" 206
"../../../../../../Users/obiwa/Documents/GitHub/CoinGameJam/Content/CoinGameJam/Platformer/Meshes/Beanstalks/Pl_stalkbase_01.uasset" 207
"../../../../../../Users/obiwa/Documents/GitHub/CoinGameJam/Content/CoinGameJam/Platformer/Meshes/Beanstalks/Pl_stalkbend_01.uasset" 208
"../../../../../../Users/obiwa/Documents/GitHub/CoinGameJam/Content/CoinGameJam/Platformer/Meshes/Beanstalks/Pl_stalkcurve_01.uasset" 209
"../../../../../../Users/obiwa/Documents/GitHub/CoinGameJam/Content/CoinGameJam/Platformer/Meshes/Beanstalks/Pl_stalkcurve_02.uasset" 210
"../../../../../../Users/obiwa/Documents/GitHub/CoinGameJam/Content/CoinGameJam/Platformer/Meshes/Beanstalks/Pl_stalkend_01.uasset" 211
"../../../../../../Users/obiwa/Documents/GitHub/CoinGameJam/Content/CoinGameJam/Platformer/Meshes/Beanstalks/Pl_stalkend_02.uasset" 212
"../../../../../../Users/obiwa/Documents/GitHub/CoinGameJam/Content/CoinGameJam/Platformer/Meshes/Beanstalks/Pl_stalkend_03.uasset" 213
"../../../../../../Users/obiwa/Documents/GitHub/CoinGameJam/Content/CoinGameJam/Platformer/Meshes/Beanstalks/Pl_stalk_01.uasset" 214
"../../../../../../Users/obiwa/Documents/GitHub/CoinGameJam/Content/CoinGameJam/Platformer/Textures/BeanStalks_Textures/Pl_StoneBlock_d.uasset" 215
"../../../../../../Users/obiwa/Documents/GitHub/CoinGameJam/Content/CoinGameJam/Platformer/Textures/BeanStalks_Textures/Pl_StoneBlock_n.uasset" 216
"../../../../../../Users/obiwa/Documents/GitHub/CoinGameJam/Content/CoinGameJam/Platformer/Textures/BeanStalks_Textures/Pl_StoneBlock_r.uasset" 217
"../../../../../../Users/obiwa/Documents/GitHub/CoinGameJam/Content/CoinGameJam/Platformer/Materials/BeanStalks_Materials/M_StoneBlock.uasset" 218
"../../../../../../Users/obiwa/Documents/GitHub/CoinGameJam/Content/CoinGameJam/Platformer/Meshes/Beanstalks/Pl_StoneBlock_01.uasset" 219
"../../../../../../Users/obiwa/Documents/GitHub/CoinGameJam/Content/CoinGameJam/Platformer/Meshes/Beanstalks/Pl_StoneBlock_02.uasset" 220
"../../../../../../Users/obiwa/Documents/GitHub/CoinGameJam/Content/CoinGameJam/Platformer/Meshes/Beanstalks/Pl_StoneBlock_03.uasset" 221
"../../../../../../Users/obiwa/Documents/GitHub/CoinGameJam/Content/CoinGameJam/Platformer/Meshes/Beanstalks/Pl_StoneBlock_04.uasset" 222
"../../../../../../Users/obiwa/Documents/GitHub/CoinGameJam/Content/CoinGameJam/Platformer/Meshes/Beanstalks/Pl_StoneBlock_05.uasset" 223
"../../../../../../Users/obiwa/Documents/GitHub/CoinGameJam/Content/CoinGameJam/Platformer/Meshes/Beanstalks/Pl_vine_01.uasset" 224
"../../../../../../Users/obiwa/Documents/GitHub/CoinGameJam/Content/CoinGameJam/Platformer/Meshes/Beanstalks/Pl_vine_02.uasset" 225
"../../../../../../Users/obiwa/Documents/GitHub/CoinGameJam/Content/CoinGameJam/Platformer/Meshes/Beanstalks/Pl_vine_03.uasset" 226
"../../../../../../Users/obiwa/Documents/GitHub/CoinGameJam/Content/CoinGameJam/Platformer/Meshes/Beanstalks/Pl_vine_04.uasset" 227
"../../../../../../Users/obiwa/Documents/GitHub/CoinGameJam/Content/CoinGameJam/Platformer/Meshes/Beanstalks/Pl_vine_05.uasset" 228
"../../../../../../Users/obiwa/Documents/GitHub/CoinGameJam/Content/CoinGameJam/Platformer/Meshes/PlatForm_Bots/Pl_16m_Platform_bot.uasset" 229
"../../../../../../Users/obiwa/Documents/GitHub/CoinGameJam/Content/CoinGameJam/Platformer/Meshes/PlatForm_Bots/Pl_4m_Platform_bot.uasset" 230
"../../../../../../Users/obiwa/Documents/GitHub/CoinGameJam/Content/CoinGameJam/Platformer/Meshes/PlatForm_Bots/Pl_8m_Platform_bot.uasset" 231
"../../../../../../Users/obiwa/Documents/GitHub/CoinGameJam/Content/CoinGameJam/Platformer/Meshes/PlatForm_Bots/Pl_8m_Platform_crn_bot.uasset" 232
"../../../../../../Users/obiwa/Documents/GitHub/CoinGameJam/Content/CoinGameJam/Platformer/Meshes/PlatForm_Bots/Pl_8m_Platform_Hrnd_bot.uasset" 233
"../../../../../../Users/obiwa/Documents/GitHub/CoinGameJam/Content/CoinGameJam/Platformer/Meshes/PlatForm_Bots/Pl_8m_Platform_L_bot.uasset" 234
"../../../../../../Users/obiwa/Documents/GitHub/CoinGameJam/Content/CoinGameJam/Platformer/Meshes/PlatForm_Bots/Pl_8m_Platform_rnd_bot.uasset" 235
"../../../../../../Users/obiwa/Documents/GitHub/CoinGameJam/Content/CoinGameJam/Platformer/Ocean/Materials/OceanWater_SS.uasset" 236
"../../../Engine/Content/Functions/Engine_MaterialFunctions03/ComplexMotion/Motion_4WayChaos.uasset" 237
"../../../Engine/Content/Engine_MI_Shaders/T_Base_Tile_Normal.uasset" 238
"../../../Engine/Content/Functions/Engine_MaterialFunctions03/ComplexMotion/Motion_4WayChaos_Normal.uasset" 239
"../../../Engine/Content/MapTemplates/Sky/DaylightAmbientCubemap.uasset" 240
"../../../../../../Users/obiwa/Documents/GitHub/CoinGameJam/Content/CoinGameJam/Platformer/Ocean/Textures/T_LargeWaves_H.uasset" 241
"../../../../../../Users/obiwa/Documents/GitHub/CoinGameJam/Content/CoinGameJam/Platformer/Ocean/Textures/T_LargeWaves_N.uasset" 242
"../../../../../../Users/obiwa/Documents/GitHub/CoinGameJam/Content/CoinGameJam/Platformer/Ocean/Textures/T_Seafoam_01.uasset" 243
"../../../../../../Users/obiwa/Documents/GitHub/CoinGameJam/Content/CoinGameJam/Platformer/Ocean/Textures/T_SmallWaves_N.uasset" 244
"../../../../../../Users/obiwa/Documents/GitHub/CoinGameJam/Content/CoinGameJam/Platformer/Ocean/Materials/M_OceanWater_1.uasset" 245
"../../../Engine/Content/MapTemplates/Sky/Desert_Outer_HDR.uasset" 246
"../../../../../../Users/obiwa/Documents/GitHub/CoinGameJam/Content/CoinGameJam/Platformer/Ocean/Materials/M_OceanWater_1_Inst.uasset" 247
"../../../../../../Users/obiwa/Documents/GitHub/CoinGameJam/Content/CoinGameJam/Platformer/Ocean/Meshes/SM_OceanWater.uasset" 248
"../../../../../../Users/obiwa/Documents/GitHub/CoinGameJam/Content/CoinGameJam/Platformer/Textures/Pl_plastic_d.uasset" 249
"../../../../../../Users/obiwa/Documents/GitHub/CoinGameJam/Content/CoinGameJam/Source/BP_GameInstance.uasset" 250
"../../../../../../Users/obiwa/Documents/GitHub/CoinGameJam/Content/CoinGameJam/PersonagemPrincipal/Animations/BowStance/JumpAir_BowAnim.uasset" 251
"../../../../../../Users/obiwa/Documents/GitHub/CoinGameJam/Content/CoinGameJam/PersonagemPrincipal/Animations/BowStance/JumpEnd_BowAnim.uasset" 252
"../../../../../../Users/obiwa/Documents/GitHub/CoinGameJam/Content/CoinGameJam/PersonagemPrincipal/Animations/BowStance/JumpStart_BowAnim.uasset" 253
"../../../../../../Users/obiwa/Documents/GitHub/CoinGameJam/Content/CoinGameJam/PersonagemPrincipal/Animations/BS_Archer2d.uasset" 254
"../../../Engine/Content/EditorBlueprintResources/StandardMacros.uasset" 255
"../../../../../../Users/obiwa/Documents/GitHub/CoinGameJam/Content/CoinGameJam/PersonagemPrincipal/Animations/ABP_Archer.uasset" 256
"../../../../../../Users/obiwa/Documents/GitHub/CoinGameJam/Content/CoinGameJam/PersonagemPrincipal/Meshes/Weapons/Arrow01SM.uasset" 257
"../../../../../../Users/obiwa/Documents/GitHub/CoinGameJam/Content/CoinGameJam/PersonagemPrincipal/Blueprints/Arrow_BP.uasset" 258
"../../../../../../Users/obiwa/Documents/GitHub/CoinGameJam/Content/CoinGameJam/PersonagemPrincipal/Meshes/OneMeshCharacters/DarkKnightSK.uasset" 259
"../../../../../../Users/obiwa/Documents/GitHub/CoinGameJam/Content/CoinGameJam/Sounds/SOMFlecha.uasset" 260
"../../../../../../Users/obiwa/Documents/GitHub/CoinGameJam/Content/CoinGameJam/PersonagemPrincipal/Blueprints/Archer_BP.uasset" 261
"../../../../../../Users/obiwa/Documents/GitHub/CoinGameJam/Content/CoinGameJam/Source/BP_GameMode.uasset" 262
"../../../../../../Users/obiwa/Documents/GitHub/CoinGameJam/Content/CoinGameJam/ThirdPersonBP/ThirdPersonOverview.uasset" 263
"../../../../../../Users/obiwa/Documents/GitHub/CoinGameJam/Content/CoinGameJam/Mannequin/Animations/ThirdPerson_Jump.uasset" 264
"../../../../../../Users/obiwa/Documents/GitHub/CoinGameJam/Content/CoinGameJam/Mannequin/Animations/ThirdPersonJump_Loop.uasset" 265
"../../../../../../Users/obiwa/Documents/GitHub/CoinGameJam/Content/CoinGameJam/Mannequin/Animations/ThirdPersonJump_Start.uasset" 266
"../../../../../../Users/obiwa/Documents/GitHub/CoinGameJam/Content/CoinGameJam/Mannequin/Animations/ThirdPersonIdle.uasset" 267
"../../../../../../Users/obiwa/Documents/GitHub/CoinGameJam/Content/CoinGameJam/Mannequin/Animations/ThirdPersonRun.uasset" 268
"../../../../../../Users/obiwa/Documents/GitHub/CoinGameJam/Content/CoinGameJam/Mannequin/Animations/ThirdPersonWalk.uasset" 269
"../../../../../../Users/obiwa/Documents/GitHub/CoinGameJam/Content/CoinGameJam/Mannequin/Animations/ThirdPerson_IdleRun_2D.uasset" 270
"../../../../../../Users/obiwa/Documents/GitHub/CoinGameJam/Content/CoinGameJam/Mannequin/Animations/ThirdPerson_AnimBP.uasset" 271
"../../../Engine/Content/Functions/Engine_MaterialFunctions02/Utility/BlendAngleCorrectedNormals.uasset" 272
"../../../Engine/Content/Functions/MaterialLayerFunctions/MatLayerBlend_NormalBlend.uasset" 273
"../../../Engine/Content/Functions/MaterialLayerFunctions/MatLayerBlend_Simple.uasset" 274
"../../../../../../Users/obiwa/Documents/GitHub/CoinGameJam/Content/CoinGameJam/Mannequin/Character/Materials/MaterialLayers/T_ML_Rubber_Blue_01_D.uasset" 275
"../../../../../../Users/obiwa/Documents/GitHub/CoinGameJam/Content/CoinGameJam/Mannequin/Character/Materials/MaterialLayers/T_ML_Rubber_Blue_01_N.uasset" 276
"../../../../../../Users/obiwa/Documents/GitHub/CoinGameJam/Content/CoinGameJam/Mannequin/Character/Materials/MaterialLayers/ML_GlossyBlack_Latex_UE4.uasset" 277
"../../../../../../Users/obiwa/Documents/GitHub/CoinGameJam/Content/CoinGameJam/Mannequin/Character/Materials/MaterialLayers/ML_Plastic_Shiny_Beige.uasset" 278
"../../../../../../Users/obiwa/Documents/GitHub/CoinGameJam/Content/CoinGameJam/Mannequin/Character/Textures/UE4_LOGO_CARD.uasset" 279
"../../../../../../Users/obiwa/Documents/GitHub/CoinGameJam/Content/CoinGameJam/Mannequin/Character/Materials/MaterialLayers/ML_Plastic_Shiny_Beige_LOGO.uasset" 280
"../../../../../../Users/obiwa/Documents/GitHub/CoinGameJam/Content/CoinGameJam/Mannequin/Character/Materials/MaterialLayers/T_ML_Aluminum01.uasset" 281
"../../../../../../Users/obiwa/Documents/GitHub/CoinGameJam/Content/CoinGameJam/Mannequin/Character/Materials/MaterialLayers/T_ML_Aluminum01_N.uasset" 282
"../../../../../../Users/obiwa/Documents/GitHub/CoinGameJam/Content/CoinGameJam/Mannequin/Character/Materials/MaterialLayers/ML_SoftMetal_UE4.uasset" 283
"../../../../../../Users/obiwa/Documents/GitHub/CoinGameJam/Content/CoinGameJam/Mannequin/Character/Textures/UE4_Mannequin__normals.uasset" 284
"../../../../../../Users/obiwa/Documents/GitHub/CoinGameJam/Content/CoinGameJam/Mannequin/Character/Textures/UE4_Mannequin_MAT_MASKA.uasset" 285
"../../../../../../Users/obiwa/Documents/GitHub/CoinGameJam/Content/CoinGameJam/Mannequin/Character/Materials/M_UE4Man_Body.uasset" 286
"../../../../../../Users/obiwa/Documents/GitHub/CoinGameJam/Content/CoinGameJam/Mannequin/Character/Textures/UE4Man_Logo_N.uasset" 287
"../../../../../../Users/obiwa/Documents/GitHub/CoinGameJam/Content/CoinGameJam/Mannequin/Character/Materials/M_UE4Man_ChestLogo.uasset" 288
"../../../../../../Users/obiwa/Documents/GitHub/CoinGameJam/Content/CoinGameJam/Mannequin/Character/Mesh/SK_Mannequin_PhysicsAsset.uasset" 289
"../../../../../../Users/obiwa/Documents/GitHub/CoinGameJam/Content/CoinGameJam/Mannequin/Character/Mesh/SK_Mannequin.uasset" 290
"../../../../../../Users/obiwa/Documents/GitHub/CoinGameJam/Content/CoinGameJam/ThirdPersonBP/Blueprints/ThirdPersonCharacter.uasset" 291
"../../../../../../Users/obiwa/Documents/GitHub/CoinGameJam/Content/CoinGameJam/ThirdPersonBP/Blueprints/ThirdPersonGameMode.uasset" 292
"../../../Engine/Content/Animation/DefaultAnimCurveCompressionSettings.uasset" 293
"../../../Engine/Content/Functions/Engine_MaterialFunctions01/Opacity/CameraDepthFade.uasset" 294
"../../../Engine/Content/EngineMaterials/T_Default_Material_Grid_M.uasset" 295
"../../../Engine/Content/EngineMaterials/T_Default_Material_Grid_N.uasset" 296
"../../../Engine/Content/EngineMaterials/WorldGridMaterial.uasset" 297
"../../../Engine/Content/ArtTools/RenderToTexture/Meshes/S_1_Unit_Plane.uasset" 298
"../../../Engine/Content/EngineMaterials/DefaultMaterial.uasset" 299
"../../../Engine/Content/BasicShapes/Cone.uasset" 300
"../../../Engine/Content/BasicShapes/Cylinder.uasset" 301
"../../../Engine/Content/BasicShapes/Plane.uasset" 302
"../../../Engine/Content/BasicShapes/Sphere.uasset" 303
"../../../Engine/Content/EditorLandscapeResources/DataLayer.uasset" 304
"../../../Engine/Content/EditorMaterials/GizmoMaterial.uasset" 305
"../../../Engine/Content/EditorMaterials/MAT_Groups_Toggle.uasset" 306
"../../../Engine/Content/EditorMaterials/MAT_Groups_Visibility.uasset" 307
"../../../Engine/Content/EditorMaterials/PreviewShadowIndicator.uasset" 308
"../../../Engine/Content/EditorMaterials/PreviewShadowIndicatorMaterial.uasset" 309
"../../../Engine/Content/EditorMaterials/MatineeGroups/MAT_ColorTrack.uasset" 310
"../../../Engine/Content/EditorMaterials/MatineeGroups/MAT_Groups_Anim.uasset" 311
"../../../Engine/Content/EditorMaterials/MatineeGroups/MAT_Groups_AudioMaster.uasset" 312
"../../../Engine/Content/EditorMaterials/MatineeGroups/MAT_Groups_Director.uasset" 313
"../../../Engine/Content/EditorMaterials/MatineeGroups/MAT_Groups_Event.uasset" 314
"../../../Engine/Content/EditorMaterials/MatineeGroups/MAT_Groups_Fade.uasset" 315
"../../../Engine/Content/EditorMaterials/MatineeGroups/MAT_Groups_Float.uasset" 316
"../../../Engine/Content/EditorMaterials/MatineeGroups/MAT_Groups_Move.uasset" 317
"../../../Engine/Content/EditorMaterials/MatineeGroups/MAT_Groups_Slomo.uasset" 318
"../../../Engine/Content/EditorMaterials/MatineeGroups/MAT_Groups_Sound.uasset" 319
"../../../Engine/Content/EditorMaterials/MatineeGroups/MAT_Groups_Vector.uasset" 320
"../../../Engine/Content/EditorMaterials/ParticleSystems/PSysThumbnail_NoImage.uasset" 321
"../../../Engine/Content/EditorMaterials/ParticleSystems/PSysThumbnail_OOD.uasset" 322
"../../../Engine/Content/EditorMaterials/Camera/CineMat.uasset" 323
"../../../Engine/Content/EditorMaterials/Camera/MI_CineMat_Rig.uasset" 324
"../../../Engine/Content/EditorMeshes/Camera/SM_CraneRig_Arm.uasset" 325
"../../../Engine/Content/EditorMeshes/Camera/SM_CraneRig_Base.uasset" 326
"../../../Engine/Content/EditorMeshes/Camera/SM_CraneRig_Body.uasset" 327
"../../../Engine/Content/EditorMeshes/Camera/SM_CraneRig_Mount.uasset" 328
"../../../Engine/Content/EditorMeshes/Camera/SM_RailRig_Mount.uasset" 329
"../../../Engine/Content/EditorMeshes/Camera/SM_RailRig_Track.uasset" 330
"../../../Engine/Content/EditorResources/BSPVertex.uasset" 331
"../../../Engine/Content/EditorResources/EmptyActor.uasset" 332
"../../../Engine/Content/EditorResources/S_Actor.uasset" 333
"../../../Engine/Content/EditorResources/S_Note.uasset" 334
"../../../Engine/Content/EditorResources/S_Trigger.uasset" 335
"../../../Engine/Content/EditorSounds/Notifications/CompileFailed.uasset" 336
"../../../Engine/Content/EditorSounds/Notifications/CompileFailed_Cue.uasset" 337
"../../../Engine/Content/EditorSounds/Notifications/CompileSuccess.uasset" 338
"../../../Engine/Content/EditorSounds/Notifications/CompileStart_Cue.uasset" 339
"../../../Engine/Content/EditorSounds/Notifications/CompileSuccess_Cue.uasset" 340
"../../../Engine/Content/EngineDamageTypes/DmgTypeBP_Environmental.uasset" 341
"../../../Engine/Content/EngineDebugMaterials/HeatmapGradient.uasset" 342
"../../../Engine/Content/EngineDebugMaterials/BoneWeightMaterial.uasset" 343
"../../../Engine/Content/EngineDebugMaterials/ClothMaterial.uasset" 344
"../../../Engine/Content/EngineDebugMaterials/ClothMaterial_WF.uasset" 345
"../../../Engine/Content/EngineDebugMaterials/DebugEditorMaterial.uasset" 346
"../../../Engine/Content/EngineDebugMaterials/DebugMeshMaterial.uasset" 347
"../../../Engine/Content/EngineDebugMaterials/GeomMaterial.uasset" 348
"../../../Engine/Content/EngineDebugMaterials/M_SimpleTranslucent.uasset" 349
"../../../Engine/Content/EngineFonts/Faces/RobotoBold.uasset" 350
"../../../Engine/Content/EngineFonts/Faces/RobotoBoldItalic.uasset" 351
"../../../Engine/Content/EngineFonts/Faces/RobotoItalic.uasset" 352
"../../../Engine/Content/EngineFonts/Faces/RobotoLight.uasset" 353
"../../../Engine/Content/EngineFonts/Faces/RobotoRegular.uasset" 354
"../../../Engine/Content/EngineFonts/Roboto.uasset" 355
"../../../Engine/Content/EngineFonts/Faces/RobotoTiny.uasset" 356
"../../../Engine/Content/EngineFonts/RobotoTiny.uasset" 357
"../../../Engine/Content/EngineMaterials/BaseFlattenDiffuseMap.uasset" 358
"../../../Engine/Content/EngineMaterials/BaseFlattenEmissiveMap.uasset" 359
"../../../Engine/Content/EngineMaterials/BaseFlattenGrayscaleMap.uasset" 360
"../../../Engine/Content/EngineMaterials/BaseFlattenNormalMap.uasset" 361
"../../../Engine/Content/EngineMaterials/BaseFlattenMaterial.uasset" 362
"../../../Engine/Content/EngineMaterials/DefaultBloomKernel.uasset" 363
"../../../Engine/Content/EngineMaterials/DefaultBokeh.uasset" 364
"../../../Engine/Content/EngineMaterials/DefaultDiffuse.uasset" 365
"../../../Engine/Content/EngineMaterials/DefaultDeferredDecalMaterial.uasset" 366
"../../../Engine/Content/EngineMaterials/DefaultLightFunctionMaterial.uasset" 367
"../../../Engine/Content/EngineMaterials/DefaultPhysicalMaterial.uasset" 368
"../../../Engine/Content/Functions/Engine_MaterialFunctions02/Utility/BreakOutFloat2Components.uasset" 369
"../../../Engine/Content/EngineMaterials/DefaultPostProcessMaterial.uasset" 370
"../../../Engine/Content/EngineFonts/RobotoDistanceField.uasset" 371
"../../../Engine/Content/EngineMaterials/DefaultTextMaterialOpaque.uasset" 372
"../../../Engine/Content/EngineMaterials/DefaultWhiteGrid.uasset" 373
"../../../Engine/Content/EngineMaterials/EditorBrushMaterial.uasset" 374
"../../../Engine/Content/EngineMaterials/Good64x64TilingNoiseHighFreq.uasset" 375
"../../../Engine/Content/EngineMaterials/MiniFont.uasset" 376
"../../../Engine/Content/EngineMaterials/InvalidLightmapSettings.uasset" 377
"../../../Engine/Content/EngineMaterials/M_InvalidLightmapSettings.uasset" 378
"../../../Engine/Content/Functions/Engine_MaterialFunctions02/WorldPositionOffset/CameraOffset.uasset" 379
"../../../Engine/Content/EngineMaterials/PhAT_JointLimitMaterial.uasset" 380
"../../../Engine/Content/EngineMaterials/PreintegratedSkinBRDF.uasset" 381
"../../../Engine/Content/EngineMaterials/RemoveSurfaceMaterial.uasset" 382
"../../../Engine/Content/EngineMaterials/WeightMapPlaceholderTexture.uasset" 383
"../../../Engine/Content/EngineResources/WhiteSquareTexture.uasset" 384
"../../../Engine/Content/EngineMaterials/Widget3DPassThrough.uasset" 385
"../../../Engine/Content/EngineMaterials/Widget3DPassThrough_Masked.uasset" 386
"../../../Engine/Content/EngineMaterials/Widget3DPassThrough_Opaque.uasset" 387
"../../../Engine/Content/EngineMaterials/Widget3DPassThrough_Masked_OneSided.uasset" 388
"../../../Engine/Content/EngineMaterials/Widget3DPassThrough_Opaque_OneSided.uasset" 389
"../../../Engine/Content/EngineMaterials/Widget3DPassThrough_Translucent.uasset" 390
"../../../Engine/Content/EngineMaterials/Widget3DPassThrough_Translucent_OneSided.uasset" 391
"../../../Engine/Content/EngineMeshes/Cylinder.uasset" 392
"../../../Engine/Content/EngineMeshes/Sphere.uasset" 393
"../../../Engine/Content/EngineResources/Black.uasset" 394
"../../../Engine/Content/EngineResources/DefaultTexture.uasset" 395
"../../../Engine/Content/EngineResources/DefaultTextureCube.uasset" 396
"../../../Engine/Content/EngineResources/DefaultVolumeTexture2D.uasset" 397
"../../../Engine/Content/EngineResources/DefaultVolumeTexture.uasset" 398
"../../../Engine/Content/EngineResources/GradientTexture0.uasset" 399
"../../../Engine/Content/EngineSounds/Master.uasset" 400
"../../../Engine/Content/Functions/Engine_MaterialFunctions01/Shading/ConvertFromDiffSpec.uasset" 401
"../../../Engine/Content/Functions/Engine_MaterialFunctions01/Shading/PowerToRoughness.uasset" 402
"../../../Engine/Content/Maps/Templates/Thumbnails/Default.uasset" 403
"../../../Engine/Content/Maps/Templates/Thumbnails/VR-Basic.uasset" 404
"../../../Engine/Content/MobileResources/T_MobileControls_texture.uasset" 405
"../../../Engine/Content/MobileResources/T_MobileMenu2.uasset" 406
"../../../Engine/Content/MobileResources/HUD/AnalogHat.uasset" 407
"../../../Engine/Content/MobileResources/HUD/VirtualJoystick_Background.uasset" 408
"../../../Engine/Content/MobileResources/HUD/VirtualJoystick_Thumb.uasset" 409
"../../../Engine/Content/MobileResources/HUD/DefaultVirtualJoysticks.uasset" 410
"../../../Engine/Content/MobileResources/HUD/LeftVirtualJoystickOnly.uasset" 411
"../../../Engine/Content/MobileResources/HUD/MobileHUDButton1_off.uasset" 412
"../../../Engine/Content/MobileResources/HUD/MobileHUDButton1_on.uasset" 413
"../../../Engine/Content/MobileResources/HUD/MobileHUDButton2_off.uasset" 414
"../../../Engine/Content/MobileResources/HUD/MobileHUDButton2_on.uasset" 415
"../../../Engine/Content/MobileResources/HUD/MobileHUDButton3.uasset" 416
"../../../Engine/Content/MobileResources/HUD/MobileHUDButtonFire.uasset" 417
"../../../Engine/Content/MobileResources/HUD/MobileHUDDirectionPad.uasset" 418
"../../../Engine/Content/MobileResources/HUD/MobileHUDDirectionPad2.uasset" 419
"../../../Engine/Content/MobileResources/HUD/MobileHUDDirectionPad3.uasset" 420
"../../../Engine/Content/MobileResources/HUD/MobileHUDDirectionStick.uasset" 421
"../../../Engine/Content/MobileResources/HUD/T_Castle_ThumbstickInner.uasset" 422
"../../../Engine/Content/MobileResources/HUD/T_Castle_ThumbstickOutter.uasset" 423
"../../../Engine/Content/Tutorial/ContentIntroCurve.uasset" 424
"../../../Engine/Content/Tutorial/Basics/LevelEditorAttract.uasset" 425
"../../../Engine/Content/Tutorial/Installation/InstallingVisualStudioTutorial.uasset" 426
"../../../Engine/Content/VREditor/LaserPointer/VR_LaserPower_01.uasset" 427
"../../../Engine/Content/VREditor/TransformGizmo/TransformGizmoMaterial.uasset" 428
"../../../Engine/Content/VREditor/TransformGizmo/TranslucentTransformGizmoMaterial.uasset" 429
"../../../Engine/Content/VREditor/TransformGizmo/BoundingBoxCorner.uasset" 430
"../../../Engine/Content/VREditor/TransformGizmo/BoundingBoxEdge.uasset" 431
"../../../Engine/Content/VREditor/TransformGizmo/PlaneTranslationHandle.uasset" 432
"../../../Engine/Content/VREditor/TransformGizmo/Main.uasset" 433
"../../../Engine/Content/VREditor/TransformGizmo/Xray.uasset" 434
"../../../Engine/Content/VREditor/TransformGizmo/SM_Sequencer_Key.uasset" 435
"../../../Engine/Content/VREditor/TransformGizmo/SM_Sequencer_Node.uasset" 436
"../../Plugins/2D/Paper2D/Content/PlaceholderTextures/DummySpriteTexture.uasset" 437
"../../Plugins/2D/Paper2D/Content/DummySprite.uasset" 438
"../../Plugins/2D/Paper2D/Content/DefaultPaperTerrainMaterial.uasset" 439
"../../Plugins/2D/Paper2D/Content/DummySpriteTexture.uasset" 440
"../../Plugins/2D/Paper2D/Content/DefaultSpriteMaterial.uasset" 441
"../../Plugins/2D/Paper2D/Content/MaskedUnlitSpriteMaterial.uasset" 442
"../../Plugins/2D/Paper2D/Content/OpaqueUnlitSpriteMaterial.uasset" 443
"../../../../../../Users/obiwa/Documents/GitHub/CoinGameJam/Content/Developers/obiwa/Collections/SkySphere/C_SkyLightIntensity.uasset" 444
"../../../../../../Users/obiwa/Documents/GitHub/CoinGameJam/Content/Developers/obiwa/Collections/SkySphere/C_WispyCloudsAlpha.uasset" 445
"../../../../../../Users/obiwa/Documents/GitHub/CoinGameJam/Content/Developers/obiwa/Collections/SkySphere/C_HorizonColor.uasset" 446
"../../../../../../Users/obiwa/Documents/GitHub/CoinGameJam/Content/Developers/obiwa/Collections/SkySphere/C_MoonColor.uasset" 447
"../../../../../../Users/obiwa/Documents/GitHub/CoinGameJam/Content/Developers/obiwa/Collections/SkySphere/C_SunColor.uasset" 448
"../../../../../../Users/obiwa/Documents/GitHub/CoinGameJam/Content/Developers/obiwa/Collections/SkySphere/C_ZenithColor.uasset" 449
"../../../Engine/Content/Functions/Engine_MaterialFunctions01/Density/ExponentialDensity.uasset" 450
"../../../Engine/Content/Functions/Engine_MaterialFunctions01/Gradient/RadialGradientExponential.uasset" 451
"../../../Engine/Content/Functions/Engine_MaterialFunctions01/Texturing/ScaleUVsByCenter.uasset" 452
"../../../Engine/Content/Functions/Engine_MaterialFunctions02/SafeNormalize.uasset" 453
"../../../Engine/Content/Functions/Engine_MaterialFunctions02/Math/CreateThirdOrthogonalVector.uasset" 454
"../../../Engine/Content/Functions/Engine_MaterialFunctions02/Math/InverseTransformMatrix.uasset" 455
"../../../Engine/Content/Functions/Engine_MaterialFunctions02/Math/TimeWithSpeedVariable.uasset" 456
"../../../Engine/Content/Functions/Engine_MaterialFunctions02/Math/TransformToZVector.uasset" 457
"../../../../../../Users/obiwa/Documents/GitHub/CoinGameJam/Content/Developers/obiwa/Collections/SkySphere/TX_Moon_N.uasset" 458
"../../../../../../Users/obiwa/Documents/GitHub/CoinGameJam/Content/Developers/obiwa/Collections/SkySphere/TX_StarsCloudsMoon.uasset" 459
"../../../../../../Users/obiwa/Documents/GitHub/CoinGameJam/Content/Developers/obiwa/Collections/SkySphere/MA_SkySphere_Master.uasset" 460
"../../../../../../Users/obiwa/Documents/GitHub/CoinGameJam/Content/Developers/obiwa/Collections/SkySphere/SM_SkySphere.uasset" 461
"../../../../../../Users/obiwa/Documents/GitHub/CoinGameJam/Content/Developers/obiwa/Collections/SkySphere/TC_SkyLightCubeMap.uasset" 462
"../../../../../../Users/obiwa/Documents/GitHub/CoinGameJam/Content/Developers/obiwa/Collections/SkySphere/BP_SkySphere.uasset" 463
"../../../../../../Users/obiwa/Documents/GitHub/CoinGameJam/Content/CoinGameJam/Levels/PrototypeMap_BuiltData.uasset" 464
"../../../Engine/Content/BasicShapes/BasicShapeMaterial.uasset" 465
"../../../Engine/Content/BasicShapes/Cube.uasset" 466
"../../../../../../Users/obiwa/Documents/GitHub/CoinGameJam/Content/CoinGameJam/Levels/PrototypeMap.umap" 467
"../../../../../../Users/obiwa/Documents/GitHub/CoinGameJam/Content/Developers/obiwa/Collections/TestLevel.umap" 468
"../../../Engine/Content/Maps/Entry_BuiltData.uasset" 469
"../../../Engine/Content/Maps/Entry.umap" 470
